<?xml version="1.0" encoding="UTF-8"?>
<testng-results skipped="0" failed="0" ignored="0" total="1" passed="1">
  <reporter-output>
  </reporter-output>
  <suite name="Default suite" duration-ms="1163" started-at="2018-11-27T08:49:52Z" finished-at="2018-11-27T08:49:53Z">
    <groups>
    </groups>
    <test name="Default test" duration-ms="1163" started-at="2018-11-27T08:49:52Z" finished-at="2018-11-27T08:49:53Z">
      <class name="assignment_week5.GET_AllCountries">
        <test-method status="PASS" signature="test()[pri:0, instance:assignment_week5.GET_AllCountries@61832929]" name="test" duration-ms="1102" started-at="2018-11-27T14:19:52Z" finished-at="2018-11-27T14:19:53Z">
          <reporter-output>
          </reporter-output>
        </test-method> <!-- test -->
      </class> <!-- assignment_week5.GET_AllCountries -->
    </test> <!-- Default test -->
  </suite> <!-- Default suite -->
</testng-results>
